<?xml version="1.0" encoding="UTF-8"?>
<testng-results ignored="0" total="1" passed="1" failed="0" skipped="0">
  <reporter-output>
  </reporter-output>
  <suite started-at="2022-10-04T21:59:00 GMT-04:00" name="Default suite" finished-at="2022-10-04T21:59:05 GMT-04:00" duration-ms="4954">
    <groups>
    </groups>
    <test started-at="2022-10-04T21:59:00 GMT-04:00" name="Default test" finished-at="2022-10-04T21:59:05 GMT-04:00" duration-ms="4954">
      <class name="com.sauce.tests.LogoutTest">
        <test-method is-config="true" signature="intial()[pri:0, instance:com.sauce.tests.LogoutTest@3972a855]" started-at="2022-10-04T21:59:00 GMT-04:00" name="intial" finished-at="2022-10-04T21:59:04 GMT-04:00" duration-ms="3707" status="PASS">
          <reporter-output>
          </reporter-output>
        </test-method> <!-- intial -->
        <test-method signature="logout()[pri:0, instance:com.sauce.tests.LogoutTest@3972a855]" started-at="2022-10-04T21:59:04 GMT-04:00" name="logout" finished-at="2022-10-04T21:59:04 GMT-04:00" duration-ms="743" status="PASS">
          <reporter-output>
          </reporter-output>
        </test-method> <!-- logout -->
        <test-method is-config="true" signature="teardown()[pri:0, instance:com.sauce.tests.LogoutTest@3972a855]" started-at="2022-10-04T21:59:04 GMT-04:00" name="teardown" finished-at="2022-10-04T21:59:05 GMT-04:00" duration-ms="445" status="PASS">
          <reporter-output>
          </reporter-output>
        </test-method> <!-- teardown -->
      </class> <!-- com.sauce.tests.LogoutTest -->
    </test> <!-- Default test -->
  </suite> <!-- Default suite -->
</testng-results>
